This is pdfTeX, Version 3.141592653-2.6-1.40.25 (TeX Live 2023/Debian) (preloaded format=pdflatex 2026.1.7)  21 JUN 2026 15:14
entering extended mode
 restricted \write18 enabled.
 file:line:error style messages enabled.
 %&-line parsing enabled.
**/home/shakedr/Documents/Bi2Se3_PL/proj.tex
(/home/shakedr/Documents/Bi2Se3_PL/proj.tex
LaTeX2e <2023-11-01> patch level 1
L3 programming layer <2024-01-22>
(/usr/share/texlive/texmf-dist/tex/latex/base/article.cls
Document Class: article 2023/05/17 v1.4n Standard LaTeX document class
(/usr/share/texlive/texmf-dist/tex/latex/base/size10.clo
File: size10.clo 2023/05/17 v1.4n Standard LaTeX file (size option)
)
\c@part=\count187
\c@section=\count188
\c@subsection=\count189
\c@subsubsection=\count190
\c@paragraph=\count191
\c@subparagraph=\count192
\c@figure=\count193
\c@table=\count194
\abovecaptionskip=\skip48
\belowcaptionskip=\skip49
\bibindent=\dimen140
) (/usr/share/texlive/texmf-dist/tex/latex/amsmath/amsmath.sty
Package: amsmath 2023/05/13 v2.17o AMS math features
\@mathmargin=\skip50

For additional information on amsmath, use the `?' option.
(/usr/share/texlive/texmf-dist/tex/latex/amsmath/amstext.sty
Package: amstext 2021/08/26 v2.01 AMS text
 (/usr/share/texlive/texmf-dist/tex/latex/amsmath/amsgen.sty
File: amsgen.sty 1999/11/30 v2.0 generic functions
\@emptytoks=\toks17
\ex@=\dimen141
)) (/usr/share/texlive/texmf-dist/tex/latex/amsmath/amsbsy.sty
Package: amsbsy 1999/11/29 v1.2d Bold Symbols
\pmbraise@=\dimen142
) (/usr/share/texlive/texmf-dist/tex/latex/amsmath/amsopn.sty
Package: amsopn 2022/04/08 v2.04 operator names
)
\inf@bad=\count195
LaTeX Info: Redefining \frac on input line 234.
\uproot@=\count196
\leftroot@=\count197
LaTeX Info: Redefining \overline on input line 399.
LaTeX Info: Redefining \colon on input line 410.
\classnum@=\count198
\DOTSCASE@=\count199
LaTeX Info: Redefining \ldots on input line 496.
LaTeX Info: Redefining \dots on input line 499.
LaTeX Info: Redefining \cdots on input line 620.
\Mathstrutbox@=\box51
\strutbox@=\box52
LaTeX Info: Redefining \big on input line 722.
LaTeX Info: Redefining \Big on input line 723.
LaTeX Info: Redefining \bigg on input line 724.
LaTeX Info: Redefining \Bigg on input line 725.
\big@size=\dimen143
LaTeX Font Info:    Redeclaring font encoding OML on input line 743.
LaTeX Font Info:    Redeclaring font encoding OMS on input line 744.
\macc@depth=\count266
LaTeX Info: Redefining \bmod on input line 905.
LaTeX Info: Redefining \pmod on input line 910.
LaTeX Info: Redefining \smash on input line 940.
LaTeX Info: Redefining \relbar on input line 970.
LaTeX Info: Redefining \Relbar on input line 971.
\c@MaxMatrixCols=\count267
\dotsspace@=\muskip16
\c@parentequation=\count268
\dspbrk@lvl=\count269
\tag@help=\toks18
\row@=\count270
\column@=\count271
\maxfields@=\count272
\andhelp@=\toks19
\eqnshift@=\dimen144
\alignsep@=\dimen145
\tagshift@=\dimen146
\tagwidth@=\dimen147
\totwidth@=\dimen148
\lineht@=\dimen149
\@envbody=\toks20
\multlinegap=\skip51
\multlinetaggap=\skip52
\mathdisplay@stack=\toks21
LaTeX Info: Redefining \[ on input line 2953.
LaTeX Info: Redefining \] on input line 2954.
) (/usr/share/texlive/texmf-dist/tex/latex/amsfonts/amsfonts.sty
Package: amsfonts 2013/01/14 v3.01 Basic AMSFonts support
\symAMSa=\mathgroup4
\symAMSb=\mathgroup5
LaTeX Font Info:    Redeclaring math symbol \hbar on input line 98.
LaTeX Font Info:    Overwriting math alphabet `\mathfrak' in version `bold'
(Font)                  U/euf/m/n --> U/euf/b/n on input line 106.
) (/usr/share/texlive/texmf-dist/tex/latex/amsfonts/amssymb.sty
Package: amssymb 2013/01/14 v3.01 AMS font symbols
) (/usr/share/texlive/texmf-dist/tex/latex/natbib/natbib.sty
Package: natbib 2010/09/13 8.31b (PWD, AO)
\bibhang=\skip53
\bibsep=\skip54
LaTeX Info: Redefining \cite on input line 694.
\c@NAT@ctr=\count273
) (/usr/share/texlive/texmf-dist/tex/latex/graphics/graphicx.sty
Package: graphicx 2021/09/16 v1.2d Enhanced LaTeX Graphics (DPC,SPQR)
 (/usr/share/texlive/texmf-dist/tex/latex/graphics/keyval.sty
Package: keyval 2022/05/29 v1.15 key=value parser (DPC)
\KV@toks@=\toks22
) (/usr/share/texlive/texmf-dist/tex/latex/graphics/graphics.sty
Package: graphics 2022/03/10 v1.4e Standard LaTeX Graphics (DPC,SPQR)
 (/usr/share/texlive/texmf-dist/tex/latex/graphics/trig.sty
Package: trig 2021/08/11 v1.11 sin cos tan (DPC)
) (/usr/share/texlive/texmf-dist/tex/latex/graphics-cfg/graphics.cfg
File: graphics.cfg 2016/06/04 v1.11 sample graphics configuration
)
Package graphics Info: Driver file: pdftex.def on input line 107.
 (/usr/share/texlive/texmf-dist/tex/latex/graphics-def/pdftex.def
File: pdftex.def 2022/09/22 v1.2b Graphics/color driver for pdftex
))
\Gin@req@height=\dimen150
\Gin@req@width=\dimen151
) (/usr/share/texlive/texmf-dist/tex/latex/base/inputenc.sty
Package: inputenc 2021/02/14 v1.3d Input encoding file
\inpenc@prehook=\toks23
\inpenc@posthook=\toks24
) (/usr/share/texlive/texmf-dist/tex/latex/geometry/geometry.sty
Package: geometry 2020/01/02 v5.9 Page Geometry
 (/usr/share/texlive/texmf-dist/tex/generic/iftex/ifvtex.sty
Package: ifvtex 2019/10/25 v1.7 ifvtex legacy package. Use iftex instead.
 (/usr/share/texlive/texmf-dist/tex/generic/iftex/iftex.sty
Package: iftex 2022/02/03 v1.0f TeX engine tests
))
\Gm@cnth=\count274
\Gm@cntv=\count275
\c@Gm@tempcnt=\count276
\Gm@bindingoffset=\dimen152
\Gm@wd@mp=\dimen153
\Gm@odd@mp=\dimen154
\Gm@even@mp=\dimen155
\Gm@layoutwidth=\dimen156
\Gm@layoutheight=\dimen157
\Gm@layouthoffset=\dimen158
\Gm@layoutvoffset=\dimen159
\Gm@dimlist=\toks25


Package geometry Warning: Over-specification in `h'-direction.
    `width' (433.62pt) is ignored.


Package geometry Warning: Over-specification in `v'-direction.
    `height' (578.15999pt) is ignored.

) (/usr/share/texlive/texmf-dist/tex/latex/listings/listings.sty
\lst@mode=\count277
\lst@gtempboxa=\box53
\lst@token=\toks26
\lst@length=\count278
\lst@currlwidth=\dimen160
\lst@column=\count279
\lst@pos=\count280
\lst@lostspace=\dimen161
\lst@width=\dimen162
\lst@newlines=\count281
\lst@lineno=\count282
\lst@maxwidth=\dimen163
 (/usr/share/texlive/texmf-dist/tex/latex/listings/lstmisc.sty
File: lstmisc.sty 2023/02/27 1.9 (Carsten Heinz)
\c@lstnumber=\count283
\lst@skipnumbers=\count284
\lst@framebox=\box54
) (/usr/share/texlive/texmf-dist/tex/latex/listings/listings.cfg
File: listings.cfg 2023/02/27 1.9 listings configuration
))
Package: listings 2023/02/27 1.9 (Carsten Heinz)
 (/usr/share/texlive/texmf-dist/tex/latex/xcolor/xcolor.sty
Package: xcolor 2023/11/15 v3.01 LaTeX color extensions (UK)
 (/usr/share/texlive/texmf-dist/tex/latex/graphics-cfg/color.cfg
File: color.cfg 2016/01/02 v1.6 sample color configuration
)
Package xcolor Info: Driver file: pdftex.def on input line 274.
 (/usr/share/texlive/texmf-dist/tex/latex/graphics/mathcolor.ltx)
Package xcolor Info: Model `cmy' substituted by `cmy0' on input line 1350.
Package xcolor Info: Model `hsb' substituted by `rgb' on input line 1354.
Package xcolor Info: Model `RGB' extended on input line 1366.
Package xcolor Info: Model `HTML' substituted by `rgb' on input line 1368.
Package xcolor Info: Model `Hsb' substituted by `hsb' on input line 1369.
Package xcolor Info: Model `tHsb' substituted by `hsb' on input line 1370.
Package xcolor Info: Model `HSB' substituted by `hsb' on input line 1371.
Package xcolor Info: Model `Gray' substituted by `gray' on input line 1372.
Package xcolor Info: Model `wave' substituted by `hsb' on input line 1373.
) (/usr/share/texlive/texmf-dist/tex/latex/float/float.sty
Package: float 2001/11/08 v1.3d Float enhancements (AL)
\c@float@type=\count285
\float@exts=\toks27
\float@box=\box55
\@float@everytoks=\toks28
\@floatcapt=\box56
) (/usr/share/texlive/texmf-dist/tex/latex/l3backend/l3backend-pdftex.def
File: l3backend-pdftex.def 2024-01-04 L3 backend support: PDF output (pdfTeX)
\l__color_backend_stack_int=\count286
\l__pdf_internal_box=\box57
) (./proj.aux)
\openout1 = `proj.aux'.

LaTeX Font Info:    Checking defaults for OML/cmm/m/it on input line 45.
LaTeX Font Info:    ... okay on input line 45.
LaTeX Font Info:    Checking defaults for OMS/cmsy/m/n on input line 45.
LaTeX Font Info:    ... okay on input line 45.
LaTeX Font Info:    Checking defaults for OT1/cmr/m/n on input line 45.
LaTeX Font Info:    ... okay on input line 45.
LaTeX Font Info:    Checking defaults for T1/cmr/m/n on input line 45.
LaTeX Font Info:    ... okay on input line 45.
LaTeX Font Info:    Checking defaults for TS1/cmr/m/n on input line 45.
LaTeX Font Info:    ... okay on input line 45.
LaTeX Font Info:    Checking defaults for OMX/cmex/m/n on input line 45.
LaTeX Font Info:    ... okay on input line 45.
LaTeX Font Info:    Checking defaults for U/cmr/m/n on input line 45.
LaTeX Font Info:    ... okay on input line 45.
 (/usr/share/texlive/texmf-dist/tex/context/base/mkii/supp-pdf.mkii
[Loading MPS to PDF converter (version 2006.09.02).]
\scratchcounter=\count287
\scratchdimen=\dimen164
\scratchbox=\box58
\nofMPsegments=\count288
\nofMParguments=\count289
\everyMPshowfont=\toks29
\MPscratchCnt=\count290
\MPscratchDim=\dimen165
\MPnumerator=\count291
\makeMPintoPDFobject=\count292
\everyMPtoPDFconversion=\toks30
) (/usr/share/texlive/texmf-dist/tex/latex/epstopdf-pkg/epstopdf-base.sty
Package: epstopdf-base 2020-01-24 v2.11 Base part for package epstopdf
Package epstopdf-base Info: Redefining graphics rule for `.eps' on input line 485.
 (/usr/share/texlive/texmf-dist/tex/latex/latexconfig/epstopdf-sys.cfg
File: epstopdf-sys.cfg 2010/07/13 v1.3 Configuration of (r)epstopdf for TeX Live
))
*geometry* driver: auto-detecting
*geometry* detected driver: pdftex
*geometry* verbose mode - [ preamble ] result:
* driver: pdftex
* paper: a4paper
* layout: <same size as paper>
* layoutoffset:(h,v)=(0.0pt,0.0pt)
* modes: 
* h-part:(L,W,R)=(72.26999pt, 452.9679pt, 72.26999pt)
* v-part:(T,H,B)=(72.26999pt, 700.50687pt, 72.26999pt)
* \paperwidth=597.50787pt
* \paperheight=845.04684pt
* \textwidth=452.9679pt
* \textheight=700.50687pt
* \oddsidemargin=0.0pt
* \evensidemargin=0.0pt
* \topmargin=-37.0pt
* \headheight=12.0pt
* \headsep=25.0pt
* \topskip=10.0pt
* \footskip=30.0pt
* \marginparwidth=65.0pt
* \marginparsep=11.0pt
* \columnsep=10.0pt
* \skip\footins=9.0pt plus 4.0pt minus 2.0pt
* \hoffset=0.0pt
* \voffset=0.0pt
* \mag=1000
* \@twocolumnfalse
* \@twosidefalse
* \@mparswitchfalse
* \@reversemarginfalse
* (1in=72.27pt=25.4mm, 1cm=28.453pt)

\c@lstlisting=\count293
LaTeX Font Info:    Trying to load font information for U+msa on input line 47.
(/usr/share/texlive/texmf-dist/tex/latex/amsfonts/umsa.fd
File: umsa.fd 2013/01/14 v3.01 AMS symbols A
)
LaTeX Font Info:    Trying to load font information for U+msb on input line 47.
 (/usr/share/texlive/texmf-dist/tex/latex/amsfonts/umsb.fd
File: umsb.fd 2013/01/14 v3.01 AMS symbols B
)
<plots/measured_bi2se3_photoluminescence.png, id=1, 280.04625pt x 523.9575pt>
File: plots/measured_bi2se3_photoluminescence.png Graphic file (type png)
<use plots/measured_bi2se3_photoluminescence.png>
Package pdftex.def Info: plots/measured_bi2se3_photoluminescence.png  used on input line 82.
(pdftex.def)             Requested size: 90.5922pt x 169.49266pt.
 [1

{/var/lib/texmf/fonts/map/pdftex/updmap/pdftex.map}]
<plots/edc_roi_arpes_snapshot.png, id=15, 361.35pt x 433.62pt>
File: plots/edc_roi_arpes_snapshot.png Graphic file (type png)
<use plots/edc_roi_arpes_snapshot.png>
Package pdftex.def Info: plots/edc_roi_arpes_snapshot.png  used on input line 99.
(pdftex.def)             Requested size: 226.48395pt x 271.77934pt.
 [2 <./plots/measured_bi2se3_photoluminescence.png>]
<plots/edc_time_evolution.png, id=25, 867.24pt x 361.35pt>
File: plots/edc_time_evolution.png Graphic file (type png)
<use plots/edc_time_evolution.png>
Package pdftex.def Info: plots/edc_time_evolution.png  used on input line 106.
(pdftex.def)             Requested size: 452.9679pt x 188.73566pt.
 [3 <./plots/edc_roi_arpes_snapshot.png> <./plots/edc_time_evolution.png>]
<plots/decay_times_1eV_2.5eV_50fs.png, id=31, 462.528pt x 346.896pt>
File: plots/decay_times_1eV_2.5eV_50fs.png Graphic file (type png)
<use plots/decay_times_1eV_2.5eV_50fs.png>
Package pdftex.def Info: plots/decay_times_1eV_2.5eV_50fs.png  used on input line 126.
(pdftex.def)             Requested size: 271.7835pt x 203.8464pt.
<plots/decay_times_1eV_2.5eV_150fs.png, id=32, 462.528pt x 346.896pt>
File: plots/decay_times_1eV_2.5eV_150fs.png Graphic file (type png)
<use plots/decay_times_1eV_2.5eV_150fs.png>
Package pdftex.def Info: plots/decay_times_1eV_2.5eV_150fs.png  used on input line 141.
(pdftex.def)             Requested size: 271.7835pt x 203.8464pt.
 [4 <./plots/decay_times_1eV_2.5eV_50fs.png>]
<plots/decay_times_0eV_1eV_50fs.png, id=37, 462.528pt x 346.896pt>
File: plots/decay_times_0eV_1eV_50fs.png Graphic file (type png)
<use plots/decay_times_0eV_1eV_50fs.png>
Package pdftex.def Info: plots/decay_times_0eV_1eV_50fs.png  used on input line 149.
(pdftex.def)             Requested size: 271.7835pt x 203.8464pt.


LaTeX Warning: Command \r invalid in math mode on input line 154.

[5 <./plots/decay_times_1eV_2.5eV_150fs.png> <./plots/decay_times_0eV_1eV_50fs.png>]
<plots/gamma_m_blob_closeup_SUM_Gamma_M_S.png, id=43, 1300.86pt x 578.16pt>
File: plots/gamma_m_blob_closeup_SUM_Gamma_M_S.png Graphic file (type png)
<use plots/gamma_m_blob_closeup_SUM_Gamma_M_S.png>
Package pdftex.def Info: plots/gamma_m_blob_closeup_SUM_Gamma_M_S.png  used on input line 169.
(pdftex.def)             Requested size: 452.9679pt x 201.31802pt.
<plots/gamma_m_blob_closeup_CD_Gamma_M_S.png, id=44, 1300.86pt x 578.16pt>
File: plots/gamma_m_blob_closeup_CD_Gamma_M_S.png Graphic file (type png)
<use plots/gamma_m_blob_closeup_CD_Gamma_M_S.png>
Package pdftex.def Info: plots/gamma_m_blob_closeup_CD_Gamma_M_S.png  used on input line 176.
(pdftex.def)             Requested size: 452.9679pt x 201.31802pt.
<plots/gamma_m_blob_time_series.png, id=45, 1589.94pt x 650.43pt>
File: plots/gamma_m_blob_time_series.png Graphic file (type png)
<use plots/gamma_m_blob_time_series.png>
Package pdftex.def Info: plots/gamma_m_blob_time_series.png  used on input line 189.
(pdftex.def)             Requested size: 452.9679pt x 185.305pt.
 [6 <./plots/gamma_m_blob_closeup_SUM_Gamma_M_S.png> <./plots/gamma_m_blob_closeup_CD_Gamma_M_S.png>]
<plots/gamma_m_blob_vs_center_time_series.png, id=51, 1589.94pt x 650.43pt>
File: plots/gamma_m_blob_vs_center_time_series.png Graphic file (type png)
<use plots/gamma_m_blob_vs_center_time_series.png>
Package pdftex.def Info: plots/gamma_m_blob_vs_center_time_series.png  used on input line 201.
(pdftex.def)             Requested size: 452.9679pt x 185.305pt.
<plots/gamma_m_vs_k_blob_461nm.png, id=52, 1300.86pt x 361.35pt>
File: plots/gamma_m_vs_k_blob_461nm.png Graphic file (type png)
<use plots/gamma_m_vs_k_blob_461nm.png>
Package pdftex.def Info: plots/gamma_m_vs_k_blob_461nm.png  used on input line 212.
(pdftex.def)             Requested size: 452.9679pt x 125.82376pt.
 [7 <./plots/gamma_m_blob_time_series.png> <./plots/gamma_m_blob_vs_center_time_series.png>]
<plots/gamma_m_blob_tau_map.png, id=59, 1011.78pt x 397.485pt>
File: plots/gamma_m_blob_tau_map.png Graphic file (type png)
<use plots/gamma_m_blob_tau_map.png>
Package pdftex.def Info: plots/gamma_m_blob_tau_map.png  used on input line 223.
(pdftex.def)             Requested size: 452.9679pt x 177.95076pt.
<plots/decay_times_0eV_1eV_600fs.png, id=60, 462.528pt x 346.896pt>
File: plots/decay_times_0eV_1eV_600fs.png Graphic file (type png)
<use plots/decay_times_0eV_1eV_600fs.png>
Package pdftex.def Info: plots/decay_times_0eV_1eV_600fs.png  used on input line 233.
(pdftex.def)             Requested size: 271.7835pt x 203.8464pt.
 [8 <./plots/gamma_m_vs_k_blob_461nm.png> <./plots/gamma_m_blob_tau_map.png>]
<plots/polarization_decay_460nm.png, id=66, 650.43pt x 433.62pt>
File: plots/polarization_decay_460nm.png Graphic file (type png)
<use plots/polarization_decay_460nm.png>
Package pdftex.def Info: plots/polarization_decay_460nm.png  used on input line 250.
(pdftex.def)             Requested size: 271.7835pt x 181.19284pt.
 [9 <./plots/decay_times_0eV_1eV_600fs.png> <./plots/polarization_decay_460nm.png>]
<plots/Excitation_Dynamics_Gamma-K_probe_P_400nm_&_460nm__-_.png, id=74, 462.528pt x 346.896pt>
File: plots/Excitation_Dynamics_Gamma-K_probe_P_400nm_&_460nm__-_.png Graphic file (type png)
<use plots/Excitation_Dynamics_Gamma-K_probe_P_400nm_&_460nm__-_.png>
Package pdftex.def Info: plots/Excitation_Dynamics_Gamma-K_probe_P_400nm_&_460nm__-_.png  used on input line 270.
(pdftex.def)             Requested size: 271.7835pt x 203.8464pt.
<plots/Excitation_Dynamics_Gamma-M_probe_S_400nm_&_460nm__-_.png, id=75, 462.528pt x 346.896pt>
File: plots/Excitation_Dynamics_Gamma-M_probe_S_400nm_&_460nm__-_.png Graphic file (type png)
<use plots/Excitation_Dynamics_Gamma-M_probe_S_400nm_&_460nm__-_.png>
Package pdftex.def Info: plots/Excitation_Dynamics_Gamma-M_probe_S_400nm_&_460nm__-_.png  used on input line 279.
(pdftex.def)             Requested size: 271.7835pt x 203.8464pt.
 [10 <./plots/Excitation_Dynamics_Gamma-K_probe_P_400nm_&_460nm__-_.png> <./plots/Excitation_Dynamics_Gamma-M_probe_S_400nm_&_460nm__-_.png>]
<plots/tau_comparison_400nm_vs_460nm_1.0eV_3.0eV.png, id=81, 867.24pt x 433.62pt>
File: plots/tau_comparison_400nm_vs_460nm_1.0eV_3.0eV.png Graphic file (type png)
<use plots/tau_comparison_400nm_vs_460nm_1.0eV_3.0eV.png>
Package pdftex.def Info: plots/tau_comparison_400nm_vs_460nm_1.0eV_3.0eV.png  used on input line 293.
(pdftex.def)             Requested size: 271.7835pt x 135.88966pt.
<plots/tau_comparison_400nm_vs_460nm_0.0eV_1.0eV.png, id=82, 867.24pt x 433.62pt>
File: plots/tau_comparison_400nm_vs_460nm_0.0eV_1.0eV.png Graphic file (type png)
<use plots/tau_comparison_400nm_vs_460nm_0.0eV_1.0eV.png>
Package pdftex.def Info: plots/tau_comparison_400nm_vs_460nm_0.0eV_1.0eV.png  used on input line 300.
(pdftex.def)             Requested size: 271.7835pt x 135.88966pt.
<plots/transitions_400_gamma_k.png, id=83, 462.528pt x 346.896pt>
File: plots/transitions_400_gamma_k.png Graphic file (type png)
<use plots/transitions_400_gamma_k.png>
Package pdftex.def Info: plots/transitions_400_gamma_k.png  used on input line 318.
(pdftex.def)             Requested size: 271.7835pt x 203.8464pt.
 [11 <./plots/tau_comparison_400nm_vs_460nm_1.0eV_3.0eV.png> <./plots/tau_comparison_400nm_vs_460nm_0.0eV_1.0eV.png>]
<plots/transitions_460_gamma_k.png, id=89, 462.528pt x 346.896pt>
File: plots/transitions_460_gamma_k.png Graphic file (type png)
<use plots/transitions_460_gamma_k.png>
Package pdftex.def Info: plots/transitions_460_gamma_k.png  used on input line 326.
(pdftex.def)             Requested size: 271.7835pt x 203.8464pt.
<plots/transitions_460_top_gamma_m.png, id=90, 462.528pt x 346.896pt>
File: plots/transitions_460_top_gamma_m.png Graphic file (type png)
<use plots/transitions_460_top_gamma_m.png>
Package pdftex.def Info: plots/transitions_460_top_gamma_m.png  used on input line 345.
(pdftex.def)             Requested size: 271.7835pt x 203.8464pt.
 [12 <./plots/transitions_400_gamma_k.png> <./plots/transitions_460_gamma_k.png>]
<plots/bc2_closeup_SUM_Gamma_K_S.jpg, id=96, 1626.075pt x 867.24pt>
File: plots/bc2_closeup_SUM_Gamma_K_S.jpg Graphic file (type jpg)
<use plots/bc2_closeup_SUM_Gamma_K_S.jpg>
Package pdftex.def Info: plots/bc2_closeup_SUM_Gamma_K_S.jpg  used on input line 370.
(pdftex.def)             Requested size: 452.9679pt x 241.58165pt.
 [13 <./plots/transitions_460_top_gamma_m.png>]
<plots/bc2_closeup_CD_Gamma_K_S.jpg, id=102, 1626.075pt x 867.24pt>
File: plots/bc2_closeup_CD_Gamma_K_S.jpg Graphic file (type jpg)
<use plots/bc2_closeup_CD_Gamma_K_S.jpg>
Package pdftex.def Info: plots/bc2_closeup_CD_Gamma_K_S.jpg  used on input line 377.
(pdftex.def)             Requested size: 452.9679pt x 241.58165pt.
 [14 <./plots/bc2_closeup_SUM_Gamma_K_S.jpg> <./plots/bc2_closeup_CD_Gamma_K_S.jpg>]
<plots/bc2_time_series.png, id=106, 1445.4pt x 650.43pt>
File: plots/bc2_time_series.png Graphic file (type png)
<use plots/bc2_time_series.png>
Package pdftex.def Info: plots/bc2_time_series.png  used on input line 391.
(pdftex.def)             Requested size: 452.9679pt x 203.8345pt.
<plots/bc2_tau_map_2.0eV_2.6eV.png, id=107, 1011.78pt x 397.485pt>
File: plots/bc2_tau_map_2.0eV_2.6eV.png Graphic file (type png)
<use plots/bc2_tau_map_2.0eV_2.6eV.png>
Package pdftex.def Info: plots/bc2_tau_map_2.0eV_2.6eV.png  used on input line 404.
(pdftex.def)             Requested size: 362.37569pt x 142.36061pt.
<plots/Gamma-K_Probe_P_Pol_Delay_-50fs__-__400nm_CD_400nm_SUM.png, id=108, 462.528pt x 346.896pt>
File: plots/Gamma-K_Probe_P_Pol_Delay_-50fs__-__400nm_CD_400nm_SUM.png Graphic file (type png)
<use plots/Gamma-K_Probe_P_Pol_Delay_-50fs__-__400nm_CD_400nm_SUM.png>
Package pdftex.def Info: plots/Gamma-K_Probe_P_Pol_Delay_-50fs__-__400nm_CD_400nm_SUM.png  used on input line 416.
(pdftex.def)             Requested size: 271.7835pt x 203.8464pt.
 [15 <./plots/bc2_time_series.png> <./plots/bc2_tau_map_2.0eV_2.6eV.png>]
<plots/Gamma-K_Probe_S_Pol_Delay_-50fs__-__400nm_CD400nm_SUM.png, id=114, 462.528pt x 346.896pt>
File: plots/Gamma-K_Probe_S_Pol_Delay_-50fs__-__400nm_CD400nm_SUM.png Graphic file (type png)
<use plots/Gamma-K_Probe_S_Pol_Delay_-50fs__-__400nm_CD400nm_SUM.png>
Package pdftex.def Info: plots/Gamma-K_Probe_S_Pol_Delay_-50fs__-__400nm_CD400nm_SUM.png  used on input line 424.
(pdftex.def)             Requested size: 271.7835pt x 203.8464pt.
<plots/Gamma-M_Probe_P_Pol_Delay_-50fs__-__400nm_CD_400nm_SUM.png, id=115, 462.528pt x 346.896pt>
File: plots/Gamma-M_Probe_P_Pol_Delay_-50fs__-__400nm_CD_400nm_SUM.png Graphic file (type png)
<use plots/Gamma-M_Probe_P_Pol_Delay_-50fs__-__400nm_CD_400nm_SUM.png>
Package pdftex.def Info: plots/Gamma-M_Probe_P_Pol_Delay_-50fs__-__400nm_CD_400nm_SUM.png  used on input line 432.
(pdftex.def)             Requested size: 271.7835pt x 203.8464pt.
 [16 <./plots/Gamma-K_Probe_P_Pol_Delay_-50fs__-__400nm_CD_400nm_SUM.png> <./plots/Gamma-K_Probe_S_Pol_Delay_-50fs__-__400nm_CD400nm_SUM.png>]
<plots/Gamma-M_Probe_S_Pol_Delay_-50fs__-__400nm_CD_400nm_SUM.png, id=121, 462.528pt x 346.896pt>
File: plots/Gamma-M_Probe_S_Pol_Delay_-50fs__-__400nm_CD_400nm_SUM.png Graphic file (type png)
<use plots/Gamma-M_Probe_S_Pol_Delay_-50fs__-__400nm_CD_400nm_SUM.png>
Package pdftex.def Info: plots/Gamma-M_Probe_S_Pol_Delay_-50fs__-__400nm_CD_400nm_SUM.png  used on input line 440.
(pdftex.def)             Requested size: 271.7835pt x 203.8464pt.
<plots/Gamma-K_Probe_P_Pol_Delay_50fs__-__461nm_CD_461nm_SUM.png, id=122, 462.528pt x 346.896pt>
File: plots/Gamma-K_Probe_P_Pol_Delay_50fs__-__461nm_CD_461nm_SUM.png Graphic file (type png)
<use plots/Gamma-K_Probe_P_Pol_Delay_50fs__-__461nm_CD_461nm_SUM.png>
Package pdftex.def Info: plots/Gamma-K_Probe_P_Pol_Delay_50fs__-__461nm_CD_461nm_SUM.png  used on input line 449.
(pdftex.def)             Requested size: 271.7835pt x 203.8464pt.
 [17 <./plots/Gamma-M_Probe_P_Pol_Delay_-50fs__-__400nm_CD_400nm_SUM.png> <./plots/Gamma-M_Probe_S_Pol_Delay_-50fs__-__400nm_CD_400nm_SUM.png>]
<plots/Gamma-K_Probe_S_Pol_Delay_35fs__-__461nm_CD_461nm_SUM.png, id=128, 462.528pt x 346.896pt>
File: plots/Gamma-K_Probe_S_Pol_Delay_35fs__-__461nm_CD_461nm_SUM.png Graphic file (type png)
<use plots/Gamma-K_Probe_S_Pol_Delay_35fs__-__461nm_CD_461nm_SUM.png>
Package pdftex.def Info: plots/Gamma-K_Probe_S_Pol_Delay_35fs__-__461nm_CD_461nm_SUM.png  used on input line 457.
(pdftex.def)             Requested size: 271.7835pt x 203.8464pt.
<plots/Gamma-M_Probe_P_Pol_Delay_-35fs__-__461nm_CD_461nm_SUM.png, id=129, 462.528pt x 346.896pt>
File: plots/Gamma-M_Probe_P_Pol_Delay_-35fs__-__461nm_CD_461nm_SUM.png Graphic file (type png)
<use plots/Gamma-M_Probe_P_Pol_Delay_-35fs__-__461nm_CD_461nm_SUM.png>
Package pdftex.def Info: plots/Gamma-M_Probe_P_Pol_Delay_-35fs__-__461nm_CD_461nm_SUM.png  used on input line 465.
(pdftex.def)             Requested size: 271.7835pt x 203.8464pt.
 [18 <./plots/Gamma-K_Probe_P_Pol_Delay_50fs__-__461nm_CD_461nm_SUM.png> <./plots/Gamma-K_Probe_S_Pol_Delay_35fs__-__461nm_CD_461nm_SUM.png>]
<plots/Gamma-M_Probe_S_Pol_Delay_-35fs__-__461nm_CD_461nm_SUM.png, id=135, 462.528pt x 346.896pt>
File: plots/Gamma-M_Probe_S_Pol_Delay_-35fs__-__461nm_CD_461nm_SUM.png Graphic file (type png)
<use plots/Gamma-M_Probe_S_Pol_Delay_-35fs__-__461nm_CD_461nm_SUM.png>
Package pdftex.def Info: plots/Gamma-M_Probe_S_Pol_Delay_-35fs__-__461nm_CD_461nm_SUM.png  used on input line 473.
(pdftex.def)             Requested size: 271.7835pt x 203.8464pt.
<plots/pixel_resolved_time_dynamics_Bi2Se3_Gamma-K_probe_S_pump_400nm.png, id=136, 939.51pt x 433.62pt>
File: plots/pixel_resolved_time_dynamics_Bi2Se3_Gamma-K_probe_S_pump_400nm.png Graphic file (type png)
<use plots/pixel_resolved_time_dynamics_Bi2Se3_Gamma-K_probe_S_pump_400nm.png>
Package pdftex.def Info: plots/pixel_resolved_time_dynamics_Bi2Se3_Gamma-K_probe_S_pump_400nm.png  used on input line 486.
(pdftex.def)             Requested size: 452.9679pt x 209.06154pt.
 [19 <./plots/Gamma-M_Probe_P_Pol_Delay_-35fs__-__461nm_CD_461nm_SUM.png> <./plots/Gamma-M_Probe_S_Pol_Delay_-35fs__-__461nm_CD_461nm_SUM.png>]
<plots/pixel_resolved_time_dynamics_Bi2Se3_Gamma-K_probe_P_pump_400nm.png, id=143, 939.51pt x 433.62pt>
File: plots/pixel_resolved_time_dynamics_Bi2Se3_Gamma-K_probe_P_pump_400nm.png Graphic file (type png)
<use plots/pixel_resolved_time_dynamics_Bi2Se3_Gamma-K_probe_P_pump_400nm.png>
Package pdftex.def Info: plots/pixel_resolved_time_dynamics_Bi2Se3_Gamma-K_probe_P_pump_400nm.png  used on input line 493.
(pdftex.def)             Requested size: 452.9679pt x 209.06154pt.
<plots/pixel_resolved_time_dynamics_Bi2Se3_Gamma-K_probe_P_pump_461nm.png, id=144, 939.51pt x 433.62pt>
File: plots/pixel_resolved_time_dynamics_Bi2Se3_Gamma-K_probe_P_pump_461nm.png Graphic file (type png)
<use plots/pixel_resolved_time_dynamics_Bi2Se3_Gamma-K_probe_P_pump_461nm.png>
Package pdftex.def Info: plots/pixel_resolved_time_dynamics_Bi2Se3_Gamma-K_probe_P_pump_461nm.png  used on input line 500.
(pdftex.def)             Requested size: 452.9679pt x 209.06154pt.
 [20 <./plots/pixel_resolved_time_dynamics_Bi2Se3_Gamma-K_probe_S_pump_400nm.png> <./plots/pixel_resolved_time_dynamics_Bi2Se3_Gamma-K_probe_P_pump_400nm.png>]
<plots/pixel_resolved_time_dynamics_Bi2Se3_Gamma-M_probe_S_pump_400nm.png, id=150, 939.51pt x 433.62pt>
File: plots/pixel_resolved_time_dynamics_Bi2Se3_Gamma-M_probe_S_pump_400nm.png Graphic file (type png)
<use plots/pixel_resolved_time_dynamics_Bi2Se3_Gamma-M_probe_S_pump_400nm.png>
Package pdftex.def Info: plots/pixel_resolved_time_dynamics_Bi2Se3_Gamma-M_probe_S_pump_400nm.png  used on input line 507.
(pdftex.def)             Requested size: 452.9679pt x 209.06154pt.
<plots/pixel_resolved_time_dynamics_Bi2Se3_Gamma-M_probe_S_pump_461nm.png, id=151, 939.51pt x 433.62pt>
File: plots/pixel_resolved_time_dynamics_Bi2Se3_Gamma-M_probe_S_pump_461nm.png Graphic file (type png)
<use plots/pixel_resolved_time_dynamics_Bi2Se3_Gamma-M_probe_S_pump_461nm.png>
Package pdftex.def Info: plots/pixel_resolved_time_dynamics_Bi2Se3_Gamma-M_probe_S_pump_461nm.png  used on input line 514.
(pdftex.def)             Requested size: 452.9679pt x 209.06154pt.
 [21 <./plots/pixel_resolved_time_dynamics_Bi2Se3_Gamma-K_probe_P_pump_461nm.png> <./plots/pixel_resolved_time_dynamics_Bi2Se3_Gamma-M_probe_S_pump_400nm.png>]
<plots/pixel_resolved_time_dynamics_Bi2Se3_Gamma-M_probe_P_pump_400nm.png, id=157, 939.51pt x 433.62pt>
File: plots/pixel_resolved_time_dynamics_Bi2Se3_Gamma-M_probe_P_pump_400nm.png Graphic file (type png)
<use plots/pixel_resolved_time_dynamics_Bi2Se3_Gamma-M_probe_P_pump_400nm.png>
Package pdftex.def Info: plots/pixel_resolved_time_dynamics_Bi2Se3_Gamma-M_probe_P_pump_400nm.png  used on input line 521.
(pdftex.def)             Requested size: 452.9679pt x 209.06154pt.
<plots/pixel_resolved_time_dynamics_Bi2Se3_Gamma-M_probe_P_pump_461nm.png, id=158, 939.51pt x 433.62pt>
File: plots/pixel_resolved_time_dynamics_Bi2Se3_Gamma-M_probe_P_pump_461nm.png Graphic file (type png)
<use plots/pixel_resolved_time_dynamics_Bi2Se3_Gamma-M_probe_P_pump_461nm.png>
Package pdftex.def Info: plots/pixel_resolved_time_dynamics_Bi2Se3_Gamma-M_probe_P_pump_461nm.png  used on input line 528.
(pdftex.def)             Requested size: 452.9679pt x 209.06154pt.
 [22 <./plots/pixel_resolved_time_dynamics_Bi2Se3_Gamma-M_probe_S_pump_461nm.png> <./plots/pixel_resolved_time_dynamics_Bi2Se3_Gamma-M_probe_P_pump_400nm.png>]
<plots/pixel_resolved_time_dynamics_Bi2Se3_Gamma-K_probe_P_pump_450nm.png, id=164, 939.51pt x 433.62pt>
File: plots/pixel_resolved_time_dynamics_Bi2Se3_Gamma-K_probe_P_pump_450nm.png Graphic file (type png)
<use plots/pixel_resolved_time_dynamics_Bi2Se3_Gamma-K_probe_P_pump_450nm.png>
Package pdftex.def Info: plots/pixel_resolved_time_dynamics_Bi2Se3_Gamma-K_probe_P_pump_450nm.png  used on input line 535.
(pdftex.def)             Requested size: 452.9679pt x 209.06154pt.
<plots/pixel_resolved_time_dynamics_Bi2Se3_Gamma-K_probe_S_pump_450nm.png, id=165, 939.51pt x 433.62pt>
File: plots/pixel_resolved_time_dynamics_Bi2Se3_Gamma-K_probe_S_pump_450nm.png Graphic file (type png)
<use plots/pixel_resolved_time_dynamics_Bi2Se3_Gamma-K_probe_S_pump_450nm.png>
Package pdftex.def Info: plots/pixel_resolved_time_dynamics_Bi2Se3_Gamma-K_probe_S_pump_450nm.png  used on input line 542.
(pdftex.def)             Requested size: 452.9679pt x 209.06154pt.
 [23 <./plots/pixel_resolved_time_dynamics_Bi2Se3_Gamma-M_probe_P_pump_461nm.png> <./plots/pixel_resolved_time_dynamics_Bi2Se3_Gamma-K_probe_P_pump_450nm.png>]
<plots/Excitation_Dynamics_Gamma-K_probe_S_400nm_&_460nm__-_.png, id=171, 462.528pt x 346.896pt>
File: plots/Excitation_Dynamics_Gamma-K_probe_S_400nm_&_460nm__-_.png Graphic file (type png)
<use plots/Excitation_Dynamics_Gamma-K_probe_S_400nm_&_460nm__-_.png>
Package pdftex.def Info: plots/Excitation_Dynamics_Gamma-K_probe_S_400nm_&_460nm__-_.png  used on input line 554.
(pdftex.def)             Requested size: 271.7835pt x 203.8464pt.
<plots/Excitation_Dynamics_Gamma-M_probe_P_400nm_&_460nm__-_.png, id=172, 462.528pt x 346.896pt>
File: plots/Excitation_Dynamics_Gamma-M_probe_P_400nm_&_460nm__-_.png Graphic file (type png)
<use plots/Excitation_Dynamics_Gamma-M_probe_P_400nm_&_460nm__-_.png>
Package pdftex.def Info: plots/Excitation_Dynamics_Gamma-M_probe_P_400nm_&_460nm__-_.png  used on input line 563.
(pdftex.def)             Requested size: 271.7835pt x 203.8464pt.
 [24 <./plots/pixel_resolved_time_dynamics_Bi2Se3_Gamma-K_probe_S_pump_450nm.png> <./plots/Excitation_Dynamics_Gamma-K_probe_S_400nm_&_460nm__-_.png>]
<plots/Gamma-K_Probe_P_Pol_Delay_0fs__-__423nm_CD_423nm_SUM.png, id=178, 462.528pt x 346.896pt>
File: plots/Gamma-K_Probe_P_Pol_Delay_0fs__-__423nm_CD_423nm_SUM.png Graphic file (type png)
<use plots/Gamma-K_Probe_P_Pol_Delay_0fs__-__423nm_CD_423nm_SUM.png>
Package pdftex.def Info: plots/Gamma-K_Probe_P_Pol_Delay_0fs__-__423nm_CD_423nm_SUM.png  used on input line 576.
(pdftex.def)             Requested size: 271.7835pt x 203.8464pt.
<plots/Gamma-K_Probe_S_Pol_Delay_0fs__-__423nm_CD_423nm_SUM.png, id=179, 462.528pt x 346.896pt>
File: plots/Gamma-K_Probe_S_Pol_Delay_0fs__-__423nm_CD_423nm_SUM.png Graphic file (type png)
<use plots/Gamma-K_Probe_S_Pol_Delay_0fs__-__423nm_CD_423nm_SUM.png>
Package pdftex.def Info: plots/Gamma-K_Probe_S_Pol_Delay_0fs__-__423nm_CD_423nm_SUM.png  used on input line 584.
(pdftex.def)             Requested size: 271.7835pt x 203.8464pt.
 [25 <./plots/Excitation_Dynamics_Gamma-M_probe_P_400nm_&_460nm__-_.png> <./plots/Gamma-K_Probe_P_Pol_Delay_0fs__-__423nm_CD_423nm_SUM.png>]
<plots/Gamma-K_Probe_P_Pol_Delay_-50fs__-__450nm_CD_450nm_SUM.png, id=186, 462.528pt x 346.896pt>
File: plots/Gamma-K_Probe_P_Pol_Delay_-50fs__-__450nm_CD_450nm_SUM.png Graphic file (type png)
<use plots/Gamma-K_Probe_P_Pol_Delay_-50fs__-__450nm_CD_450nm_SUM.png>
Package pdftex.def Info: plots/Gamma-K_Probe_P_Pol_Delay_-50fs__-__450nm_CD_450nm_SUM.png  used on input line 593.
(pdftex.def)             Requested size: 271.7835pt x 203.8464pt.
<plots/Gamma-K_Probe_P_Pol_Delay_50fs__-__515nm_CD_515nm_SUM.png, id=187, 462.528pt x 346.896pt>
File: plots/Gamma-K_Probe_P_Pol_Delay_50fs__-__515nm_CD_515nm_SUM.png Graphic file (type png)
<use plots/Gamma-K_Probe_P_Pol_Delay_50fs__-__515nm_CD_515nm_SUM.png>
Package pdftex.def Info: plots/Gamma-K_Probe_P_Pol_Delay_50fs__-__515nm_CD_515nm_SUM.png  used on input line 601.
(pdftex.def)             Requested size: 271.7835pt x 203.8464pt.
 [26 <./plots/Gamma-K_Probe_S_Pol_Delay_0fs__-__423nm_CD_423nm_SUM.png> <./plots/Gamma-K_Probe_P_Pol_Delay_-50fs__-__450nm_CD_450nm_SUM.png>] (/usr/share/texlive/texmf-dist/tex/latex/listings/lstlang1.sty
File: lstlang1.sty 2023/02/27 1.9 listings language file
) (./proj.bbl) [27 <./plots/Gamma-K_Probe_P_Pol_Delay_50fs__-__515nm_CD_515nm_SUM.png>] (./proj.aux)
 ***********
LaTeX2e <2023-11-01> patch level 1
L3 programming layer <2024-01-22>
 ***********
 ) 
Here is how much of TeX's memory you used:
 6237 strings out of 476182
 103004 string characters out of 5795596
 1989975 words of memory out of 5000000
 28188 multiletter control sequences out of 15000+600000
 566614 words of font info for 70 fonts, out of 8000000 for 9000
 14 hyphenation exceptions out of 8191
 57i,8n,65p,722b,1316s stack positions out of 10000i,1000n,20000p,200000b,200000s
</usr/share/texlive/texmf-dist/fonts/type1/public/amsfonts/cm/cmbx10.pfb></usr/share/texlive/texmf-dist/fonts/type1/public/amsfonts/cm/cmbx12.pfb></usr/share/texlive/texmf-dist/fonts/type1/public/amsfonts/cm/cmmi10.pfb></usr/share/texlive/texmf-dist/fonts/type1/public/amsfonts/cm/cmmi12.pfb></usr/share/texlive/texmf-dist/fonts/type1/public/amsfonts/cm/cmmi5.pfb></usr/share/texlive/texmf-dist/fonts/type1/public/amsfonts/cm/cmmi7.pfb></usr/share/texlive/texmf-dist/fonts/type1/public/amsfonts/cm/cmr10.pfb></usr/share/texlive/texmf-dist/fonts/type1/public/amsfonts/cm/cmr12.pfb></usr/share/texlive/texmf-dist/fonts/type1/public/amsfonts/cm/cmr17.pfb></usr/share/texlive/texmf-dist/fonts/type1/public/amsfonts/cm/cmr5.pfb></usr/share/texlive/texmf-dist/fonts/type1/public/amsfonts/cm/cmr7.pfb></usr/share/texlive/texmf-dist/fonts/type1/public/amsfonts/cm/cmr8.pfb></usr/share/texlive/texmf-dist/fonts/type1/public/amsfonts/cm/cmsy10.pfb></usr/share/texlive/texmf-dist/fonts/type1/public/amsfonts/cm/cmsy7.pfb></usr/share/texlive/texmf-dist/fonts/type1/public/amsfonts/cm/cmti10.pfb></usr/share/texlive/texmf-dist/fonts/type1/public/amsfonts/cm/cmtt8.pfb>
Output written on proj.pdf (27 pages, 24638715 bytes).
PDF statistics:
 267 PDF objects out of 1000 (max. 8388607)
 110 compressed objects within 2 object streams
 0 named destinations out of 1000 (max. 500000)
 241 words of extra memory for PDF output out of 10000 (max. 10000000)

